app/build/intermediates/manifest_merge_blame_file/debug/manifest-merger-blame-debug-report.txt
1<?xml version="1.0" encoding="utf-8"?>
2<manifest xmlns:android="http://schemas.android.com/apk/res/android"
3    package="com.example.kiosk_munjin"
4    android:versionCode="1"
5    android:versionName="1.0" >
6
7    <uses-sdk
8        android:minSdkVersion="21"
8-->src\main\AndroidManifest.xml
9        android:targetSdkVersion="30" />
9-->src\main\AndroidManifest.xml
10
11    <application
11-->src\main\AndroidManifest.xml:5:5-33:19
12        android:allowBackup="true"
12-->src\main\AndroidManifest.xml:6:9-35
13        android:appComponentFactory="androidx.core.app.CoreComponentFactory"
13-->[androidx.core:core:1.3.1] AndroidManifest.xml:24:18-86
14        android:debuggable="true"
15        android:icon="@mipmap/ic_launcher"
15-->src\main\AndroidManifest.xml:7:9-43
16        android:label="@string/app_name"
16-->src\main\AndroidManifest.xml:8:9-41
17        android:roundIcon="@mipmap/ic_launcher_round"
17-->src\main\AndroidManifest.xml:9:9-54
18        android:supportsRtl="true"
18-->src\main\AndroidManifest.xml:10:9-35
19        android:theme="@style/Theme.Kiosk_Munjin" >
19-->src\main\AndroidManifest.xml:11:9-50
20        <activity
20-->src\main\AndroidManifest.xml:12:9-14:40
21            android:name="com.example.kiosk_munjin.UpdateConditions"
21-->src\main\AndroidManifest.xml:13:13-45
22            android:exported="false" />
22-->src\main\AndroidManifest.xml:14:13-37
23        <activity
23-->src\main\AndroidManifest.xml:15:9-17:40
24            android:name="com.example.kiosk_munjin.SearchUser"
24-->src\main\AndroidManifest.xml:16:13-39
25            android:exported="false" />
25-->src\main\AndroidManifest.xml:17:13-37
26        <activity
26-->src\main\AndroidManifest.xml:18:9-20:40
27            android:name="com.example.kiosk_munjin.ImageResult"
27-->src\main\AndroidManifest.xml:19:13-40
28            android:exported="false" />
28-->src\main\AndroidManifest.xml:20:13-37
29        <activity
29-->src\main\AndroidManifest.xml:21:9-23:40
30            android:name="com.example.kiosk_munjin.Sign"
30-->src\main\AndroidManifest.xml:22:13-33
31            android:exported="false" />
31-->src\main\AndroidManifest.xml:23:13-37
32        <activity
32-->src\main\AndroidManifest.xml:24:9-32:20
33            android:name="com.example.kiosk_munjin.MainActivity"
33-->src\main\AndroidManifest.xml:25:13-41
34            android:exported="true" >
34-->src\main\AndroidManifest.xml:26:13-36
35            <intent-filter>
35-->src\main\AndroidManifest.xml:27:13-31:29
36                <action android:name="android.intent.action.MAIN" />
36-->src\main\AndroidManifest.xml:28:17-69
36-->src\main\AndroidManifest.xml:28:25-66
37
38                <category android:name="android.intent.category.LAUNCHER" />
38-->src\main\AndroidManifest.xml:30:17-77
38-->src\main\AndroidManifest.xml:30:27-74
39            </intent-filter>
40        </activity>
41    </application>
42
43</manifest>